Performing C SOURCE FILE Test C_FLAG_QUNUSED_ARGUMENTS failed with the following output:
Change Dir: /disk/CacheLib/build-zstd/CMakeFiles/CMakeTmp

Run Build Command(s):/usr/bin/gmake -f Makefile cmTC_26b1d/fast && /usr/bin/gmake  -f CMakeFiles/cmTC_26b1d.dir/build.make CMakeFiles/cmTC_26b1d.dir/build
gmake[1]: Entering directory '/disk/CacheLib/build-zstd/CMakeFiles/CMakeTmp'
Building C object CMakeFiles/cmTC_26b1d.dir/src.c.o
/usr/bin/cc -DC_FLAG_QUNUSED_ARGUMENTS  -Wall -Wextra -Wundef -Wshadow -Wcast-align -Wcast-qual -Wstrict-prototypes    -Qunused-arguments -o CMakeFiles/cmTC_26b1d.dir/src.c.o -c /disk/CacheLib/build-zstd/CMakeFiles/CMakeTmp/src.c
cc: error: unrecognized command-line option '-Qunused-arguments'
gmake[1]: *** [CMakeFiles/cmTC_26b1d.dir/build.make:78: CMakeFiles/cmTC_26b1d.dir/src.c.o] Error 1
gmake[1]: Leaving directory '/disk/CacheLib/build-zstd/CMakeFiles/CMakeTmp'
gmake: *** [Makefile:127: cmTC_26b1d/fast] Error 2


Source file was:
int main(void) { return 0; }
Performing C++ SOURCE FILE Test CXX_FLAG_QUNUSED_ARGUMENTS failed with the following output:
Change Dir: /disk/CacheLib/build-zstd/CMakeFiles/CMakeTmp

Run Build Command(s):/usr/bin/gmake -f Makefile cmTC_3c4a3/fast && /usr/bin/gmake  -f CMakeFiles/cmTC_3c4a3.dir/build.make CMakeFiles/cmTC_3c4a3.dir/build
gmake[1]: Entering directory '/disk/CacheLib/build-zstd/CMakeFiles/CMakeTmp'
Building CXX object CMakeFiles/cmTC_3c4a3.dir/src.cxx.o
/usr/bin/c++ -DCXX_FLAG_QUNUSED_ARGUMENTS  -Wall -Wextra -Wundef -Wshadow -Wcast-align -Wcast-qual    -Qunused-arguments -o CMakeFiles/cmTC_3c4a3.dir/src.cxx.o -c /disk/CacheLib/build-zstd/CMakeFiles/CMakeTmp/src.cxx
c++: error: unrecognized command-line option '-Qunused-arguments'
gmake[1]: *** [CMakeFiles/cmTC_3c4a3.dir/build.make:78: CMakeFiles/cmTC_3c4a3.dir/src.cxx.o] Error 1
gmake[1]: Leaving directory '/disk/CacheLib/build-zstd/CMakeFiles/CMakeTmp'
gmake: *** [Makefile:127: cmTC_3c4a3/fast] Error 2


Source file was:
int main() { return 0; }
